<?xml version="1.0" encoding="UTF-8"?>
<testng-results ignored="0" total="1" passed="1" failed="0" skipped="0">
  <reporter-output>
  </reporter-output>
  <suite started-at="2023-10-31T14:44:58 ICT" name="Default suite" finished-at="2023-10-31T14:45:22 ICT" duration-ms="24085">
    <groups>
    </groups>
    <test started-at="2023-10-31T14:44:58 ICT" name="Default test" finished-at="2023-10-31T14:45:22 ICT" duration-ms="24085">
      <class name="test.Homework_12">
        <test-method is-config="true" signature="beforeTest()[pri:0, instance:test.Homework_12@290222c1]" started-at="2023-10-31T14:44:58 ICT" name="beforeTest" finished-at="2023-10-31T14:44:58 ICT" duration-ms="6" status="PASS">
          <reporter-output>
          </reporter-output>
        </test-method> <!-- beforeTest -->
        <test-method signature="f()[pri:0, instance:test.Homework_12@290222c1]" started-at="2023-10-31T14:44:58 ICT" name="f" finished-at="2023-10-31T14:45:22 ICT" duration-ms="24053" status="PASS">
          <reporter-output>
          </reporter-output>
        </test-method> <!-- f -->
        <test-method is-config="true" signature="afterTest()[pri:0, instance:test.Homework_12@290222c1]" started-at="2023-10-31T14:45:22 ICT" name="afterTest" finished-at="2023-10-31T14:45:22 ICT" duration-ms="0" status="PASS">
          <reporter-output>
          </reporter-output>
        </test-method> <!-- afterTest -->
      </class> <!-- test.Homework_12 -->
    </test> <!-- Default test -->
  </suite> <!-- Default suite -->
</testng-results>
